<?xml version="1.0" encoding="UTF-8"?>
<!-- Generated by org.testng.reporters.JUnitReportReporter -->
<testsuite hostname="LAPTOP-JD17P2E6" failures="0" tests="14" name="cucumberRunner.TestNGTestRunner" time="21.279" errors="0" timestamp="2021-07-15T13:06:17 SGT" skipped="0">
  <testcase classname="cucumberRunner.TestNGTestRunner" name="runScenario" time="0.004"/>
  <system-out/>
  <testcase classname="cucumberRunner.TestNGTestRunner" name="runScenario" time="0.004"/>
  <system-out/>
  <testcase classname="cucumberRunner.TestNGTestRunner" name="runScenario" time="0.006"/>
  <system-out/>
  <testcase classname="cucumberRunner.TestNGTestRunner" name="runScenario" time="0.004"/>
  <system-out/>
  <testcase classname="cucumberRunner.TestNGTestRunner" name="runScenario" time="0.005"/>
  <system-out/>
  <testcase classname="cucumberRunner.TestNGTestRunner" name="runScenario" time="6.586"/>
  <system-out/>
  <testcase classname="cucumberRunner.TestNGTestRunner" name="runScenario" time="0.006"/>
  <system-out/>
  <testcase classname="cucumberRunner.TestNGTestRunner" name="runScenario" time="7.329"/>
  <system-out/>
  <testcase classname="cucumberRunner.TestNGTestRunner" name="runScenario" time="0.004"/>
  <system-out/>
  <testcase classname="cucumberRunner.TestNGTestRunner" name="runScenario" time="0.004"/>
  <system-out/>
  <testcase classname="cucumberRunner.TestNGTestRunner" name="runScenario" time="0.005"/>
  <system-out/>
  <testcase classname="cucumberRunner.TestNGTestRunner" name="runScenario" time="0.011"/>
  <system-out/>
  <testcase classname="cucumberRunner.TestNGTestRunner" name="runScenario" time="7.158"/>
  <system-out/>
  <testcase classname="cucumberRunner.TestNGTestRunner" name="runScenario" time="0.153"/>
  <system-out/>
</testsuite> <!-- cucumberRunner.TestNGTestRunner -->
