<?xml version="1.0" encoding="UTF-8"?>
<!-- Generated by org.testng.reporters.JUnitReportReporter -->
<testsuite hostname="LAPTOP-JD17P2E6" failures="0" tests="1" name="com.cucumber.base.cucumber_for_beginners.AppTest" time="0.004" errors="0" timestamp="2021-07-15T13:06:17 SGT" skipped="0">
  <testcase classname="com.cucumber.base.cucumber_for_beginners.AppTest" name="shouldAnswerWithTrue" time="0.004"/>
  <system-out/>
</testsuite> <!-- com.cucumber.base.cucumber_for_beginners.AppTest -->
