<?xml version="1.0" encoding="UTF-8"?>
<!-- Generated by org.testng.reporters.JUnitReportReporter -->
<testsuite hostname="LAPTOP-JD17P2E6" failures="0" tests="11" name="cucumberRunner.TestNGTestRunner" time="0.289" errors="0" timestamp="2021-07-12T00:24:00 SGT" skipped="0">
  <testcase classname="cucumberRunner.TestNGTestRunner" name="runScenario" time="0.006"/>
  <system-out/>
  <testcase classname="cucumberRunner.TestNGTestRunner" name="runScenario" time="0.008"/>
  <system-out/>
  <testcase classname="cucumberRunner.TestNGTestRunner" name="runScenario" time="0.210"/>
  <system-out/>
  <testcase classname="cucumberRunner.TestNGTestRunner" name="runScenario" time="0.007"/>
  <system-out/>
  <testcase classname="cucumberRunner.TestNGTestRunner" name="runScenario" time="0.009"/>
  <system-out/>
  <testcase classname="cucumberRunner.TestNGTestRunner" name="runScenario" time="0.009"/>
  <system-out/>
  <testcase classname="cucumberRunner.TestNGTestRunner" name="runScenario" time="0.012"/>
  <system-out/>
  <testcase classname="cucumberRunner.TestNGTestRunner" name="runScenario" time="0.008"/>
  <system-out/>
  <testcase classname="cucumberRunner.TestNGTestRunner" name="runScenario" time="0.008"/>
  <system-out/>
  <testcase classname="cucumberRunner.TestNGTestRunner" name="runScenario" time="0.007"/>
  <system-out/>
  <testcase classname="cucumberRunner.TestNGTestRunner" name="runScenario" time="0.005"/>
  <system-out/>
</testsuite> <!-- cucumberRunner.TestNGTestRunner -->
