<?xml version="1.0" encoding="UTF-8"?>
<!-- Generated by org.testng.reporters.JUnitReportReporter -->
<testsuite hostname="LAPTOP-JD17P2E6" failures="0" tests="11" name="cucumberRunner.TestNGTestRunner" time="0.167" errors="0" timestamp="2021-07-12T00:29:21 SGT" skipped="0">
  <testcase classname="cucumberRunner.TestNGTestRunner" name="runScenario" time="0.004"/>
  <system-out/>
  <testcase classname="cucumberRunner.TestNGTestRunner" name="runScenario" time="0.003"/>
  <system-out/>
  <testcase classname="cucumberRunner.TestNGTestRunner" name="runScenario" time="0.004"/>
  <system-out/>
  <testcase classname="cucumberRunner.TestNGTestRunner" name="runScenario" time="0.002"/>
  <system-out/>
  <testcase classname="cucumberRunner.TestNGTestRunner" name="runScenario" time="0.003"/>
  <system-out/>
  <testcase classname="cucumberRunner.TestNGTestRunner" name="runScenario" time="0.004"/>
  <system-out/>
  <testcase classname="cucumberRunner.TestNGTestRunner" name="runScenario" time="0.003"/>
  <system-out/>
  <testcase classname="cucumberRunner.TestNGTestRunner" name="runScenario" time="0.009"/>
  <system-out/>
  <testcase classname="cucumberRunner.TestNGTestRunner" name="runScenario" time="0.125"/>
  <system-out/>
  <testcase classname="cucumberRunner.TestNGTestRunner" name="runScenario" time="0.005"/>
  <system-out/>
  <testcase classname="cucumberRunner.TestNGTestRunner" name="runScenario" time="0.005"/>
  <system-out/>
</testsuite> <!-- cucumberRunner.TestNGTestRunner -->
